2026-05-17 17:39:10 WARN  [c.z.hikari.pool.HikariPool] HikariPool-1 - Thread starvation or clock leap detected (housekeeper delta=19h35m39s447ms382µs700ns).
2026-05-17 17:41:04 INFO  [c.z.hikari.HikariDataSource] HikariPool-1 - Shutdown initiated...
2026-05-17 17:41:04 INFO  [c.z.hikari.HikariDataSource] HikariPool-1 - Shutdown completed.
2026-05-17 17:41:19 INFO  [o.e.CombatReportApplication] Starting CombatReportApplication using Java 17.0.19 with PID 21956 (D:\java\WEB CombatReportFormatter\target\classes started by admin in D:\java\WEB CombatReportFormatter)
2026-05-17 17:41:19 INFO  [o.e.CombatReportApplication] No active profile set, falling back to 1 default profile: "default"
2026-05-17 17:41:23 INFO  [o.h.j.internal.util.LogHelper] HHH000204: Processing PersistenceUnitInfo [name: default]
2026-05-17 17:41:23 INFO  [org.hibernate.Version] HHH000412: Hibernate ORM core version 6.6.49.Final
2026-05-17 17:41:23 INFO  [o.h.c.i.RegionFactoryInitiator] HHH000026: Second-level cache disabled
2026-05-17 17:41:24 INFO  [c.z.hikari.HikariDataSource] HikariPool-1 - Starting...
2026-05-17 17:41:25 INFO  [c.z.hikari.pool.HikariPool] HikariPool-1 - Added connection conn1: url=jdbc:h2:file:./data/combat-db user=SA
2026-05-17 17:41:25 INFO  [c.z.hikari.HikariDataSource] HikariPool-1 - Start completed.
2026-05-17 17:41:25 INFO  [o.h.orm.connections.pooling] HHH10001005: Database info:
	Database JDBC URL [Connecting through datasource 'HikariDataSource (HikariPool-1)']
	Database driver: undefined/unknown
	Database version: 2.3.232
	Autocommit mode: undefined/unknown
	Isolation level: undefined/unknown
	Minimum pool size: undefined/unknown
	Maximum pool size: undefined/unknown
2026-05-17 17:41:31 INFO  [o.h.e.t.j.p.i.JtaPlatformInitiator] HHH000489: No JTA platform available (set 'hibernate.transaction.jta.platform' to enable JTA platform integration)
2026-05-17 17:41:33 INFO  [o.e.CombatReportApplication] Started CombatReportApplication in 16.134 seconds (process running for 20.227)
2026-05-17 17:44:09 INFO  [o.e.service.PersonnelService] Оновлено особу: Кушнір Сергій Олегович (id=1)
2026-05-17 17:44:09 INFO  [o.e.c.PersonnelDetailsController] Додано зброю для особи id=1: fgfgf
2026-05-17 17:44:09 INFO  [o.e.c.PersonnelDetailsController] Додано освіту для особи id=1: rfrf
2026-05-17 17:45:04 INFO  [o.e.service.PersonnelService] Оновлено особу: Кушнір Сергій Олегович (id=1)
2026-05-17 17:45:04 INFO  [o.e.c.PersonnelDetailsController] Додано освіту для особи id=1: rfrf
2026-05-17 17:45:04 INFO  [o.e.c.PersonnelDetailsController] Додано зброю для особи id=1: fgfgf
2026-05-17 17:54:38 INFO  [c.z.hikari.HikariDataSource] HikariPool-1 - Shutdown initiated...
2026-05-17 17:54:38 INFO  [c.z.hikari.HikariDataSource] HikariPool-1 - Shutdown completed.
2026-05-17 17:54:49 INFO  [o.e.CombatReportApplication] Starting CombatReportApplication using Java 17.0.19 with PID 21148 (D:\java\WEB CombatReportFormatter\target\classes started by admin in D:\java\WEB CombatReportFormatter)
2026-05-17 17:54:49 INFO  [o.e.CombatReportApplication] No active profile set, falling back to 1 default profile: "default"
2026-05-17 17:54:50 INFO  [o.h.j.internal.util.LogHelper] HHH000204: Processing PersistenceUnitInfo [name: default]
2026-05-17 17:54:51 INFO  [org.hibernate.Version] HHH000412: Hibernate ORM core version 6.6.49.Final
2026-05-17 17:54:51 INFO  [o.h.c.i.RegionFactoryInitiator] HHH000026: Second-level cache disabled
2026-05-17 17:54:51 INFO  [c.z.hikari.HikariDataSource] HikariPool-1 - Starting...
2026-05-17 17:54:51 INFO  [c.z.hikari.pool.HikariPool] HikariPool-1 - Added connection conn1: url=jdbc:h2:file:./data/combat-db user=SA
2026-05-17 17:54:51 INFO  [c.z.hikari.HikariDataSource] HikariPool-1 - Start completed.
2026-05-17 17:54:51 INFO  [o.h.orm.connections.pooling] HHH10001005: Database info:
	Database JDBC URL [Connecting through datasource 'HikariDataSource (HikariPool-1)']
	Database driver: undefined/unknown
	Database version: 2.3.232
	Autocommit mode: undefined/unknown
	Isolation level: undefined/unknown
	Minimum pool size: undefined/unknown
	Maximum pool size: undefined/unknown
2026-05-17 17:54:52 INFO  [o.h.e.t.j.p.i.JtaPlatformInitiator] HHH000489: No JTA platform available (set 'hibernate.transaction.jta.platform' to enable JTA platform integration)
2026-05-17 17:54:54 INFO  [o.e.CombatReportApplication] Started CombatReportApplication in 5.933 seconds (process running for 12.603)
2026-05-17 17:55:49 INFO  [c.z.hikari.HikariDataSource] HikariPool-1 - Shutdown initiated...
2026-05-17 17:55:49 INFO  [c.z.hikari.HikariDataSource] HikariPool-1 - Shutdown completed.
